<?xml version="1.0" encoding="UTF-8"?>
<!-- Generated by org.testng.reporters.JUnitReportReporter -->
<testsuite hostname="DESKTOP-BFM82UM" failures="0" tests="1" name="com.dice.FirstTest" time="34.503" errors="0" timestamp="2021-02-20T21:05:06 IST" skipped="0">
  <testcase classname="com.dice.FirstTest" name="firstTestMethod" time="34.503"/>
  <system-out/>
</testsuite> <!-- com.dice.FirstTest -->
