<?xml version="1.0" encoding="UTF-8"?>
<!-- Generated by org.testng.reporters.JUnitReportReporter -->
<testsuite hostname="DESKTOP-BFM82UM" failures="0" tests="1" name="com.dice.SecondTest" time="7.737" errors="0" timestamp="2021-02-20T21:05:06 IST" skipped="0">
  <testcase classname="com.dice.SecondTest" name="secondTestMethod" time="7.737"/>
  <system-out/>
</testsuite> <!-- com.dice.SecondTest -->
