<?xml version="1.0" encoding="UTF-8"?>
<!-- Generated by org.testng.reporters.JUnitReportReporter -->
<testsuite hostname="DESKTOP-BFM82UM" failures="0" tests="3" name="com.qa.test.LoginPageTest" time="30.129" errors="0" timestamp="2021-04-29T19:44:20 IST" skipped="0">
  <testcase classname="com.qa.test.LoginPageTest" name="validatePageTitle" time="7.483"/>
  <system-out/>
  <testcase classname="com.qa.test.LoginPageTest" name="logoValidation" time="7.564"/>
  <system-out/>
  <testcase classname="com.qa.test.LoginPageTest" name="loginTest" time="15.082"/>
  <system-out/>
</testsuite> <!-- com.qa.test.LoginPageTest -->
