<?xml version="1.0" encoding="UTF-8"?>
<!-- Generated by org.testng.reporters.JUnitReportReporter -->
<testsuite hostname="DESKTOP-BFM82UM" failures="0" tests="2" name="com.qa.test.PIMTest" time="34.987" errors="0" timestamp="2021-04-29T19:44:20 IST" skipped="0">
  <testcase classname="com.qa.test.PIMTest" name="addEmployee" time="17.259"/>
  <system-out/>
  <testcase classname="com.qa.test.PIMTest" name="addEmployee" time="17.728"/>
  <system-out/>
</testsuite> <!-- com.qa.test.PIMTest -->
