<?xml version="1.0" encoding="UTF-8"?>
<!-- Generated by org.testng.reporters.JUnitReportReporter -->
<testsuite hostname="DESKTOP-BFM82UM" failures="0" tests="2" name="com.qa.test.HomePageTest" time="22.536" errors="0" timestamp="2021-04-29T19:44:20 IST" skipped="0">
  <testcase classname="com.qa.test.HomePageTest" name="validatePageTitle" time="11.538"/>
  <system-out/>
  <testcase classname="com.qa.test.HomePageTest" name="validateUserName" time="10.998"/>
  <system-out/>
</testsuite> <!-- com.qa.test.HomePageTest -->
