<?xml version="1.0" encoding="UTF-8"?>
<!-- Generated by org.testng.reporters.JUnitReportReporter -->
<testsuite hostname="DESKTOP-BFM82UM" failures="0" tests="3" name="com.qa.test.LoginPageTest" time="63.821" errors="0" timestamp="29 Apr 2021 18:06:44 GMT" skipped="0">
  <testcase classname="com.qa.test.LoginPageTest" name="validatePageTitle" time="10.283"/>
  <testcase classname="com.qa.test.LoginPageTest" name="logoValidation" time="10.506"/>
  <testcase classname="com.qa.test.LoginPageTest" name="loginTest" time="43.032"/>
</testsuite> <!-- com.qa.test.LoginPageTest -->
