<?xml version="1.0" encoding="UTF-8"?>
<!-- Generated by org.testng.reporters.JUnitReportReporter -->
<testsuite hostname="DESKTOP-BFM82UM" failures="0" tests="2" name="com.qa.test.PIMTest" time="72.775" errors="0" timestamp="29 Apr 2021 18:06:44 GMT" skipped="0">
  <testcase classname="com.qa.test.PIMTest" name="addEmployee" time="18.244"/>
  <testcase classname="com.qa.test.PIMTest" name="addEmployee" time="54.531"/>
</testsuite> <!-- com.qa.test.PIMTest -->
